生成启动时间为 2019/1/9 16:39:15。
     1>项目“E:\DictViewer\DictViewer\DictViewer.vcxproj”在节点 2 上(rebuild 个目标)。
     1>_PrepareForClean:
         正在删除文件“Release\DictViewer.lastbuildstate”。
       InitializeBuildStatus:
         正在创建“Release\DictViewer.unsuccessfulbuild”，因为已指定“AlwaysCreate”。
       ClCompile:
         C:\Program Files (x86)\Microsoft Visual Studio 10.0\VC\bin\CL.exe /c /I..\..\PlotLab5.0.1\Include /Zi /nologo /W3 /WX- /O2 /Oi /Oy- /GL /D WIN32 /D _WINDOWS /D NDEBUG /D _UNICODE /D UNICODE /D _AFXDLL /Gm- /EHsc /MD /GS /Gy /fp:precise /Zc:wchar_t /Zc:forScope /Yc"StdAfx.h" /Fp"Release\DictViewer.pch" /Fo"Release\\" /Fd"Release\vc100.pdb" /Gd /TP /analyze- /errorReport:prompt stdafx.cpp
         stdafx.cpp
         C:\Program Files (x86)\Microsoft Visual Studio 10.0\VC\bin\CL.exe /c /I..\..\PlotLab5.0.1\Include /Zi /nologo /W3 /WX- /O2 /Oi /Oy- /GL /D WIN32 /D _WINDOWS /D NDEBUG /D _UNICODE /D UNICODE /D _AFXDLL /Gm- /EHsc /MD /GS /Gy /fp:precise /Zc:wchar_t /Zc:forScope /Yu"StdAfx.h" /Fp"Release\DictViewer.pch" /Fo"Release\\" /Fd"Release\vc100.pdb" /Gd /TP /analyze- /errorReport:prompt ChartView.cpp ChildFrm.cpp ConvertDlg.cpp DictViewer.cpp DictViewerDoc.cpp DictViewerView.cpp FormatTreeView.cpp MainFrm.cpp
         ChartView.cpp
     1>ChartView.cpp(70): warning C4018: “<”: 有符号/无符号不匹配
     1>ChartView.cpp(131): warning C4482: 使用了非标准扩展: 限定名中使用了枚举“CTAlign”
         ChildFrm.cpp
         ConvertDlg.cpp
     1>ConvertDlg.cpp(110): warning C4244: “初始化”: 从“ULONGLONG”转换到“int”，可能丢失数据
         DictViewer.cpp
         DictViewerDoc.cpp
     1>DictViewerDoc.cpp(65): warning C4244: “初始化”: 从“ULONGLONG”转换到“int”，可能丢失数据
         DictViewerView.cpp
         FormatTreeView.cpp
         MainFrm.cpp
       ResourceCompile:
         C:\Program Files (x86)\Microsoft SDKs\Windows\v7.0A\bin\rc.exe /D NDEBUG /D _UNICODE /D UNICODE /D _AFXDLL /l"0x0804" /IRelease\ /nologo /fo"Release\DictViewer.res" DictViewer.rc 
       Link:
         C:\Program Files (x86)\Microsoft Visual Studio 10.0\VC\bin\link.exe /ERRORREPORT:PROMPT /OUT:"E:\DictViewer\Release\DictViewer.exe" /INCREMENTAL:NO /NOLOGO /LIBPATH:E:\PlotLab5.0.1\Lib /MANIFEST /ManifestFile:"Release\DictViewer.exe.intermediate.manifest" /MANIFESTUAC:"level='asInvoker' uiAccess='false'" /DEBUG /PDB:"E:\DictViewer\Release\DictViewer.pdb" /SUBSYSTEM:WINDOWS /OPT:REF /OPT:ICF /LTCG /TLBID:1 /ENTRY:"wWinMainCRTStartup" /DYNAMICBASE /NXCOMPAT /IMPLIB:"E:\DictViewer\Release\DictViewer.lib" /MACHINE:X86 Release\DictViewer.res
         Release\ChartView.obj
         Release\ChildFrm.obj
         Release\ConvertDlg.obj
         Release\DictViewer.obj
         Release\DictViewerDoc.obj
         Release\DictViewerView.obj
         Release\FormatTreeView.obj
         Release\MainFrm.obj
         Release\stdafx.obj
         正在生成代码
         已完成代码的生成
         DictViewer.vcxproj -> E:\DictViewer\Release\DictViewer.exe
       Manifest:
         C:\Program Files (x86)\Microsoft SDKs\Windows\v7.0A\bin\mt.exe /nologo /verbose /outputresource:"E:\DictViewer\Release\DictViewer.exe;#1" /manifest Release\DictViewer.exe.intermediate.manifest "C:\Program Files (x86)\Microsoft Visual Studio 10.0\VC\Include\Manifest\dpiaware.manifest"
       FinalizeBuildStatus:
         正在删除文件“Release\DictViewer.unsuccessfulbuild”。
         正在对“Release\DictViewer.lastbuildstate”执行 Touch 任务。
     1>已完成生成项目“E:\DictViewer\DictViewer\DictViewer.vcxproj”(rebuild 个目标)的操作。

生成成功。

已用时间 00:00:08.88
