E:\DICTVIEWER\DICTVIEWER\RELEASE\CHARTVIEW.OBJ
E:\DICTVIEWER\DICTVIEWER\RELEASE\CHILDFRM.OBJ
E:\DictViewer\DictViewer\Release\cl.command.1.tlog
E:\DictViewer\DictViewer\Release\CL.read.1.tlog
E:\DictViewer\DictViewer\Release\CL.write.1.tlog
E:\DICTVIEWER\DICTVIEWER\RELEASE\CONVERTDLG.OBJ
E:\DICTVIEWER\DICTVIEWER\RELEASE\DICTVIEWER.EXE.INTERMEDIATE.MANIFEST
E:\DICTVIEWER\DICTVIEWER\RELEASE\DICTVIEWER.OBJ
E:\DICTVIEWER\DICTVIEWER\RELEASE\DICTVIEWER.PCH
E:\DICTVIEWER\DICTVIEWER\RELEASE\DICTVIEWER.RES
E:\DictViewer\DictViewer\Release\DictViewer.vcxprojResolveAssemblyReference.cache
E:\DictViewer\DictViewer\Release\DictViewer.write.1.tlog
E:\DICTVIEWER\DICTVIEWER\RELEASE\DICTVIEWERDOC.OBJ
E:\DICTVIEWER\DICTVIEWER\RELEASE\DICTVIEWERVIEW.OBJ
E:\DICTVIEWER\DICTVIEWER\RELEASE\FORMATTREEVIEW.OBJ
E:\DictViewer\DictViewer\Release\link.command.1.tlog
E:\DictViewer\DictViewer\Release\link.read.1.tlog
E:\DictViewer\DictViewer\Release\link.write.1.tlog
E:\DictViewer\DictViewer\Release\link-cvtres.read.1.tlog
E:\DictViewer\DictViewer\Release\link-cvtres.write.1.tlog
E:\DICTVIEWER\DICTVIEWER\RELEASE\MAINFRM.OBJ
E:\DictViewer\DictViewer\Release\mt.command.1.tlog
E:\DictViewer\DictViewer\Release\mt.read.1.tlog
E:\DictViewer\DictViewer\Release\mt.write.1.tlog
E:\DictViewer\DictViewer\Release\rc.command.1.tlog
E:\DictViewer\DictViewer\Release\rc.read.1.tlog
E:\DictViewer\DictViewer\Release\rc.write.1.tlog
E:\DICTVIEWER\DICTVIEWER\RELEASE\STDAFX.OBJ
E:\DICTVIEWER\DICTVIEWER\RELEASE\VC100.PDB
E:\DICTVIEWER\RELEASE\DICTVIEWER.EXE
E:\DICTVIEWER\RELEASE\DICTVIEWER.PDB
