E:\DICTVIEWER\DEBUG\DICTVIEWER.EXE
E:\DICTVIEWER\DEBUG\DICTVIEWER.ILK
E:\DICTVIEWER\DEBUG\DICTVIEWER.PDB
E:\DICTVIEWER\DICTVIEWER\DEBUG\CHARTVIEW.OBJ
E:\DICTVIEWER\DICTVIEWER\DEBUG\CHILDFRM.OBJ
E:\DictViewer\DictViewer\Debug\cl.command.1.tlog
E:\DictViewer\DictViewer\Debug\CL.read.1.tlog
E:\DictViewer\DictViewer\Debug\CL.write.1.tlog
E:\DICTVIEWER\DICTVIEWER\DEBUG\CONVERTDLG.OBJ
E:\DICTVIEWER\DICTVIEWER\DEBUG\DICTVIEWER.EXE.EMBED.MANIFEST
E:\DICTVIEWER\DICTVIEWER\DEBUG\DICTVIEWER.EXE.EMBED.MANIFEST.RES
E:\DICTVIEWER\DICTVIEWER\DEBUG\DICTVIEWER.EXE.INTERMEDIATE.MANIFEST
E:\DICTVIEWER\DICTVIEWER\DEBUG\DICTVIEWER.OBJ
E:\DICTVIEWER\DICTVIEWER\DEBUG\DICTVIEWER.PCH
E:\DICTVIEWER\DICTVIEWER\DEBUG\DICTVIEWER.RES
E:\DictViewer\DictViewer\Debug\DictViewer.vcxprojResolveAssemblyReference.cache
E:\DictViewer\DictViewer\Debug\DictViewer.write.1.tlog
E:\DictViewer\DictViewer\Debug\DictViewer_manifest.rc
E:\DICTVIEWER\DICTVIEWER\DEBUG\DICTVIEWERDOC.OBJ
E:\DICTVIEWER\DICTVIEWER\DEBUG\DICTVIEWERVIEW.OBJ
E:\DICTVIEWER\DICTVIEWER\DEBUG\FORMATTREEVIEW.OBJ
E:\DictViewer\DictViewer\Debug\link.10524.read.1.tlog
E:\DictViewer\DictViewer\Debug\link.10524.write.1.tlog
E:\DictViewer\DictViewer\Debug\link.10524-cvtres.read.1.tlog
E:\DictViewer\DictViewer\Debug\link.10524-cvtres.write.1.tlog
E:\DictViewer\DictViewer\Debug\link.11188.read.1.tlog
E:\DictViewer\DictViewer\Debug\link.11188.write.1.tlog
E:\DictViewer\DictViewer\Debug\link.11188-cvtres.read.1.tlog
E:\DictViewer\DictViewer\Debug\link.11188-cvtres.write.1.tlog
E:\DictViewer\DictViewer\Debug\link.11476.read.1.tlog
E:\DictViewer\DictViewer\Debug\link.11476.write.1.tlog
E:\DictViewer\DictViewer\Debug\link.11476-cvtres.read.1.tlog
E:\DictViewer\DictViewer\Debug\link.11476-cvtres.write.1.tlog
E:\DictViewer\DictViewer\Debug\link.12724.read.1.tlog
E:\DictViewer\DictViewer\Debug\link.12724.write.1.tlog
E:\DictViewer\DictViewer\Debug\link.12724-cvtres.read.1.tlog
E:\DictViewer\DictViewer\Debug\link.12724-cvtres.write.1.tlog
E:\DictViewer\DictViewer\Debug\link.16088.read.1.tlog
E:\DictViewer\DictViewer\Debug\link.16088.write.1.tlog
E:\DictViewer\DictViewer\Debug\link.16088-cvtres.read.1.tlog
E:\DictViewer\DictViewer\Debug\link.16088-cvtres.write.1.tlog
E:\DictViewer\DictViewer\Debug\link.16164.read.1.tlog
E:\DictViewer\DictViewer\Debug\link.16164.write.1.tlog
E:\DictViewer\DictViewer\Debug\link.16164-cvtres.read.1.tlog
E:\DictViewer\DictViewer\Debug\link.16164-cvtres.write.1.tlog
E:\DictViewer\DictViewer\Debug\link.16580.read.1.tlog
E:\DictViewer\DictViewer\Debug\link.16580.write.1.tlog
E:\DictViewer\DictViewer\Debug\link.16580-cvtres.read.1.tlog
E:\DictViewer\DictViewer\Debug\link.16580-cvtres.write.1.tlog
E:\DictViewer\DictViewer\Debug\link.4692.read.1.tlog
E:\DictViewer\DictViewer\Debug\link.4692.write.1.tlog
E:\DictViewer\DictViewer\Debug\link.4692-cvtres.read.1.tlog
E:\DictViewer\DictViewer\Debug\link.4692-cvtres.write.1.tlog
E:\DictViewer\DictViewer\Debug\link.5312.read.1.tlog
E:\DictViewer\DictViewer\Debug\link.5312.write.1.tlog
E:\DictViewer\DictViewer\Debug\link.5312-cvtres.read.1.tlog
E:\DictViewer\DictViewer\Debug\link.5312-cvtres.write.1.tlog
E:\DictViewer\DictViewer\Debug\link.8272.read.1.tlog
E:\DictViewer\DictViewer\Debug\link.8272.write.1.tlog
E:\DictViewer\DictViewer\Debug\link.8272-cvtres.read.1.tlog
E:\DictViewer\DictViewer\Debug\link.8272-cvtres.write.1.tlog
E:\DictViewer\DictViewer\Debug\link.9824.read.1.tlog
E:\DictViewer\DictViewer\Debug\link.9824.write.1.tlog
E:\DictViewer\DictViewer\Debug\link.9824-cvtres.read.1.tlog
E:\DictViewer\DictViewer\Debug\link.9824-cvtres.write.1.tlog
E:\DictViewer\DictViewer\Debug\link.command.1.tlog
E:\DictViewer\DictViewer\Debug\link.read.1.tlog
E:\DictViewer\DictViewer\Debug\link.write.1.tlog
E:\DictViewer\DictViewer\Debug\link-cvtres.read.1.tlog
E:\DictViewer\DictViewer\Debug\link-cvtres.write.1.tlog
E:\DICTVIEWER\DICTVIEWER\DEBUG\MAINFRM.OBJ
E:\DictViewer\DictViewer\Debug\mt.command.1.tlog
E:\DictViewer\DictViewer\Debug\mt.read.1.tlog
E:\DictViewer\DictViewer\Debug\mt.write.1.tlog
E:\DictViewer\DictViewer\Debug\rc.command.1.tlog
E:\DictViewer\DictViewer\Debug\rc.read.1.tlog
E:\DictViewer\DictViewer\Debug\rc.write.1.tlog
E:\DICTVIEWER\DICTVIEWER\DEBUG\STDAFX.OBJ
E:\DictViewer\DictViewer\Debug\vc100.idb
E:\DICTVIEWER\DICTVIEWER\DEBUG\VC100.PDB
