E:\DICTVIEWER\FORMATFACTORY\RELEASE\CHANNEL.OBJ
E:\DICTVIEWER\FORMATFACTORY\RELEASE\CHANNELPROPERTY.OBJ
E:\DictViewer\FormatFactory\Release\cl.command.1.tlog
E:\DictViewer\FormatFactory\Release\CL.read.1.tlog
E:\DictViewer\FormatFactory\Release\CL.write.1.tlog
E:\DICTVIEWER\FORMATFACTORY\RELEASE\DLLMAIN.OBJ
E:\DICTVIEWER\FORMATFACTORY\RELEASE\FILEPROPERTY.OBJ
E:\DICTVIEWER\FORMATFACTORY\RELEASE\FORMATFACTORY.DLL.INTERMEDIATE.MANIFEST
E:\DICTVIEWER\FORMATFACTORY\RELEASE\FORMATFACTORY.OBJ
E:\DICTVIEWER\FORMATFACTORY\RELEASE\FORMATFACTORY.PCH
E:\DICTVIEWER\FORMATFACTORY\RELEASE\FORMATFACTORY.RES
E:\DictViewer\FormatFactory\Release\FormatFactory.vcxprojResolveAssemblyReference.cache
E:\DictViewer\FormatFactory\Release\FormatFactory.write.1.tlog
E:\DICTVIEWER\FORMATFACTORY\RELEASE\IFORMATPROPERTY.OBJ
E:\DictViewer\FormatFactory\Release\link.command.1.tlog
E:\DictViewer\FormatFactory\Release\link.read.1.tlog
E:\DictViewer\FormatFactory\Release\link.write.1.tlog
E:\DictViewer\FormatFactory\Release\link-cvtres.read.1.tlog
E:\DictViewer\FormatFactory\Release\link-cvtres.write.1.tlog
E:\DictViewer\FormatFactory\Release\mt.command.1.tlog
E:\DictViewer\FormatFactory\Release\mt.read.1.tlog
E:\DictViewer\FormatFactory\Release\mt.write.1.tlog
E:\DictViewer\FormatFactory\Release\rc.command.1.tlog
E:\DictViewer\FormatFactory\Release\rc.read.1.tlog
E:\DictViewer\FormatFactory\Release\rc.write.1.tlog
E:\DICTVIEWER\FORMATFACTORY\RELEASE\RECORDPROPERTY.OBJ
E:\DICTVIEWER\FORMATFACTORY\RELEASE\STANDARDFILE.OBJ
E:\DICTVIEWER\FORMATFACTORY\RELEASE\STATIONPROPERTY.OBJ
E:\DICTVIEWER\FORMATFACTORY\RELEASE\STDAFX.OBJ
E:\DICTVIEWER\FORMATFACTORY\RELEASE\VC100.PDB
E:\DICTVIEWER\RELEASE\FORMATFACTORY.DLL
E:\DictViewer\Release\FormatFactory.exp
E:\DictViewer\Release\FormatFactory.lib
E:\DICTVIEWER\RELEASE\FORMATFACTORY.PDB
