生成启动时间为 2019/1/9 16:38:53。
     1>项目“E:\DictViewer\FormatFactory\FormatFactory.vcxproj”在节点 2 上(rebuild 个目标)。
     1>_PrepareForClean:
         正在删除文件“Release\FormatFactory.lastbuildstate”。
       InitializeBuildStatus:
         正在创建“Release\FormatFactory.unsuccessfulbuild”，因为已指定“AlwaysCreate”。
       ClCompile:
         C:\Program Files (x86)\Microsoft Visual Studio 10.0\VC\bin\CL.exe /c /Zi /nologo /W3 /WX- /O2 /Oi /Oy- /GL /D WIN32 /D _WINDOWS /D NDEBUG /D _AFXEXT /D _WINDLL /D _UNICODE /D UNICODE /D _AFXDLL /Gm- /EHsc /MD /GS /Gy /fp:precise /Zc:wchar_t /Zc:forScope /Yc"StdAfx.h" /Fp"Release\FormatFactory.pch" /Fo"Release\\" /Fd"Release\vc100.pdb" /Gd /TP /analyze- /errorReport:prompt stdafx.cpp
         stdafx.cpp
         C:\Program Files (x86)\Microsoft Visual Studio 10.0\VC\bin\CL.exe /c /Zi /nologo /W3 /WX- /O2 /Oi /Oy- /GL /D WIN32 /D _WINDOWS /D NDEBUG /D _AFXEXT /D _WINDLL /D _UNICODE /D UNICODE /D _AFXDLL /Gm- /EHsc /MD /GS /Gy /fp:precise /Zc:wchar_t /Zc:forScope /Yu"StdAfx.h" /Fp"Release\FormatFactory.pch" /Fo"Release\\" /Fd"Release\vc100.pdb" /Gd /TP /analyze- /errorReport:prompt Channel.cpp ChannelProperty.cpp FileProperty.cpp FormatFactory.cpp IFormatProperty.cpp RecordProperty.cpp StandardFile.cpp StationProperty.cpp
         Channel.cpp
         ChannelProperty.cpp
         FileProperty.cpp
         FormatFactory.cpp
         IFormatProperty.cpp
         RecordProperty.cpp
         StandardFile.cpp
     1>StandardFile.cpp(64): warning C4018: “<”: 有符号/无符号不匹配
     1>StandardFile.cpp(90): warning C4018: “<”: 有符号/无符号不匹配
         StationProperty.cpp
         C:\Program Files (x86)\Microsoft Visual Studio 10.0\VC\bin\CL.exe /c /Zi /nologo /W3 /WX- /O2 /Oi /Oy- /GL /D WIN32 /D _WINDOWS /D NDEBUG /D _AFXEXT /D _WINDLL /D _UNICODE /D UNICODE /D _AFXDLL /Gm- /EHsc /MD /GS /Gy /fp:precise /Zc:wchar_t /Zc:forScope /Fo"Release\\" /Fd"Release\vc100.pdb" /Gd /TP /analyze- /errorReport:prompt dllmain.cpp
         dllmain.cpp
       ResourceCompile:
         C:\Program Files (x86)\Microsoft SDKs\Windows\v7.0A\bin\rc.exe /D NDEBUG /D _UNICODE /D UNICODE /D _AFXDLL /l"0x0804" /IRelease\ /nologo /fo"Release\FormatFactory.res" FormatFactory.rc 
       Link:
         C:\Program Files (x86)\Microsoft Visual Studio 10.0\VC\bin\link.exe /ERRORREPORT:PROMPT /OUT:"E:\DictViewer\Release\FormatFactory.dll" /INCREMENTAL:NO /NOLOGO /DEF:".\FormatFactory.def" /MANIFEST /ManifestFile:"Release\FormatFactory.dll.intermediate.manifest" /MANIFESTUAC:"level='asInvoker' uiAccess='false'" /DEBUG /PDB:"E:\DictViewer\Release\FormatFactory.pdb" /SUBSYSTEM:WINDOWS /OPT:REF /OPT:ICF /LTCG /TLBID:1 /DYNAMICBASE /NXCOMPAT /IMPLIB:"E:\DictViewer\Release\FormatFactory.lib" /MACHINE:X86 /DLL Release\FormatFactory.res
         Release\Channel.obj
         Release\ChannelProperty.obj
         Release\dllmain.obj
         Release\FileProperty.obj
         Release\FormatFactory.obj
         Release\IFormatProperty.obj
         Release\RecordProperty.obj
         Release\StandardFile.obj
         Release\StationProperty.obj
         Release\stdafx.obj
            正在创建库 E:\DictViewer\Release\FormatFactory.lib 和对象 E:\DictViewer\Release\FormatFactory.exp
         正在生成代码
         已完成代码的生成
         FormatFactory.vcxproj -> E:\DictViewer\Release\FormatFactory.dll
       Manifest:
         C:\Program Files (x86)\Microsoft SDKs\Windows\v7.0A\bin\mt.exe /nologo /verbose /outputresource:"E:\DictViewer\Release\FormatFactory.dll;#2" /manifest Release\FormatFactory.dll.intermediate.manifest "C:\Program Files (x86)\Microsoft Visual Studio 10.0\VC\Include\Manifest\dpiaware.manifest"
       FinalizeBuildStatus:
         正在删除文件“Release\FormatFactory.unsuccessfulbuild”。
         正在对“Release\FormatFactory.lastbuildstate”执行 Touch 任务。
     1>已完成生成项目“E:\DictViewer\FormatFactory\FormatFactory.vcxproj”(rebuild 个目标)的操作。

生成成功。

已用时间 00:00:10.84
