E:\DICTVIEWER\DEBUG\FORMATFACTORY.DLL
E:\DictViewer\Debug\FormatFactory.exp
E:\DICTVIEWER\DEBUG\FORMATFACTORY.ILK
E:\DictViewer\Debug\FormatFactory.lib
E:\DICTVIEWER\DEBUG\FORMATFACTORY.PDB
E:\DICTVIEWER\FORMATFACTORY\DEBUG\CHANNEL.OBJ
E:\DICTVIEWER\FORMATFACTORY\DEBUG\CHANNELPROPERTY.OBJ
E:\DictViewer\FormatFactory\Debug\cl.command.1.tlog
E:\DictViewer\FormatFactory\Debug\CL.read.1.tlog
E:\DictViewer\FormatFactory\Debug\CL.write.1.tlog
E:\DICTVIEWER\FORMATFACTORY\DEBUG\DLLMAIN.OBJ
E:\DICTVIEWER\FORMATFACTORY\DEBUG\FILEPROPERTY.OBJ
E:\DICTVIEWER\FORMATFACTORY\DEBUG\FORMATFACTORY.DLL.EMBED.MANIFEST
E:\DICTVIEWER\FORMATFACTORY\DEBUG\FORMATFACTORY.DLL.EMBED.MANIFEST.RES
E:\DICTVIEWER\FORMATFACTORY\DEBUG\FORMATFACTORY.DLL.INTERMEDIATE.MANIFEST
E:\DICTVIEWER\FORMATFACTORY\DEBUG\FORMATFACTORY.OBJ
E:\DICTVIEWER\FORMATFACTORY\DEBUG\FORMATFACTORY.PCH
E:\DICTVIEWER\FORMATFACTORY\DEBUG\FORMATFACTORY.RES
E:\DictViewer\FormatFactory\Debug\FormatFactory.write.1.tlog
E:\DictViewer\FormatFactory\Debug\FormatFactory_manifest.rc
E:\DICTVIEWER\FORMATFACTORY\DEBUG\IFORMATPROPERTY.OBJ
E:\DictViewer\FormatFactory\Debug\link.12780.read.1.tlog
E:\DictViewer\FormatFactory\Debug\link.12780.write.1.tlog
E:\DictViewer\FormatFactory\Debug\link.12780-cvtres.read.1.tlog
E:\DictViewer\FormatFactory\Debug\link.12780-cvtres.write.1.tlog
E:\DictViewer\FormatFactory\Debug\link.14552.read.1.tlog
E:\DictViewer\FormatFactory\Debug\link.14552.write.1.tlog
E:\DictViewer\FormatFactory\Debug\link.14552-cvtres.read.1.tlog
E:\DictViewer\FormatFactory\Debug\link.14552-cvtres.write.1.tlog
E:\DictViewer\FormatFactory\Debug\link.16784.read.1.tlog
E:\DictViewer\FormatFactory\Debug\link.16784.write.1.tlog
E:\DictViewer\FormatFactory\Debug\link.16784-cvtres.read.1.tlog
E:\DictViewer\FormatFactory\Debug\link.16784-cvtres.write.1.tlog
E:\DictViewer\FormatFactory\Debug\link.16892.read.1.tlog
E:\DictViewer\FormatFactory\Debug\link.16892.write.1.tlog
E:\DictViewer\FormatFactory\Debug\link.16892-cvtres.read.1.tlog
E:\DictViewer\FormatFactory\Debug\link.16892-cvtres.write.1.tlog
E:\DictViewer\FormatFactory\Debug\link.command.1.tlog
E:\DictViewer\FormatFactory\Debug\link.read.1.tlog
E:\DictViewer\FormatFactory\Debug\link.write.1.tlog
E:\DictViewer\FormatFactory\Debug\link-cvtres.read.1.tlog
E:\DictViewer\FormatFactory\Debug\link-cvtres.write.1.tlog
E:\DictViewer\FormatFactory\Debug\mt.command.1.tlog
E:\DictViewer\FormatFactory\Debug\mt.read.1.tlog
E:\DictViewer\FormatFactory\Debug\mt.write.1.tlog
E:\DictViewer\FormatFactory\Debug\rc.command.1.tlog
E:\DictViewer\FormatFactory\Debug\rc.read.1.tlog
E:\DictViewer\FormatFactory\Debug\rc.write.1.tlog
E:\DICTVIEWER\FORMATFACTORY\DEBUG\RECORDPROPERTY.OBJ
E:\DICTVIEWER\FORMATFACTORY\DEBUG\STANDARDFILE.OBJ
E:\DICTVIEWER\FORMATFACTORY\DEBUG\STATIONPROPERTY.OBJ
E:\DICTVIEWER\FORMATFACTORY\DEBUG\STDAFX.OBJ
E:\DictViewer\FormatFactory\Debug\vc100.idb
E:\DICTVIEWER\FORMATFACTORY\DEBUG\VC100.PDB
